[0;34m[2025-11-13 22:42:02][0m Starting NixOS rebuild script
[0;34m[2025-11-13 22:42:02][0m Host: macbook
[0;34m[2025-11-13 22:42:02][0m Flake directory: /home/matrix/nixconf
[0;34m[2025-11-13 22:42:02][0m Action: validate
[0;34m[2025-11-13 22:42:02][0m Loading secrets from password-store...
[0;32m[SUCCESS][0m Loaded PASSWORD_HASH from password-store
[0;34m[2025-11-13 22:42:03][0m Checking git status...
[0;32m[SUCCESS][0m Git working directory is clean
[0;34m[2025-11-13 22:42:03][0m Validating flake configuration...
[0;34m[2025-11-13 22:42:29][0m Starting NixOS rebuild script
[0;34m[2025-11-13 22:42:29][0m Host: macbook
[0;34m[2025-11-13 22:42:29][0m Flake directory: /home/matrix/nixconf
[0;34m[2025-11-13 22:42:29][0m Action: validate
[0;34m[2025-11-13 22:42:29][0m Loading secrets from password-store...
[0;32m[SUCCESS][0m Loaded PASSWORD_HASH from password-store
[0;34m[2025-11-13 22:42:29][0m Checking git status...
[0;32m[SUCCESS][0m Git working directory is clean
[0;34m[2025-11-13 22:42:29][0m Validating flake configuration...
[0;32m[SUCCESS][0m Flake validation passed
[0;32m[SUCCESS][0m Rebuild script completed successfully
[0;34m[2025-11-13 22:42:30][0m Script finished
[0;32m[SUCCESS][0m Flake validation passed
[0;32m[SUCCESS][0m Rebuild script completed successfully
[0;34m[2025-11-13 22:42:58][0m Script finished
[0;34m[2025-11-13 22:43:36][0m Starting NixOS rebuild script
[0;34m[2025-11-13 22:43:36][0m Host: macbook
[0;34m[2025-11-13 22:43:36][0m Flake directory: /home/matrix/nixconf
[0;34m[2025-11-13 22:43:36][0m Action: dry-run
[0;34m[2025-11-13 22:43:36][0m Loading secrets from password-store...
[0;32m[SUCCESS][0m Loaded PASSWORD_HASH from password-store
[0;34m[2025-11-13 22:43:36][0m Checking git status...
[0;32m[SUCCESS][0m Git working directory is clean
[0;34m[2025-11-13 22:43:36][0m Validating flake configuration...
[0;34m[2025-11-13 22:43:43][0m Starting NixOS rebuild script
[0;34m[2025-11-13 22:43:43][0m Host: macbook
[0;34m[2025-11-13 22:43:43][0m Flake directory: /home/matrix/nixconf
[0;34m[2025-11-13 22:43:43][0m Action: dry-run
[0;34m[2025-11-13 22:43:43][0m Loading secrets from password-store...
[0;32m[SUCCESS][0m Loaded PASSWORD_HASH from password-store
[0;34m[2025-11-13 22:43:43][0m Checking git status...
[0;32m[SUCCESS][0m Git working directory is clean
[0;34m[2025-11-13 22:43:43][0m Validating flake configuration...
[0;32m[SUCCESS][0m Flake validation passed
[0;34m[2025-11-13 22:44:12][0m Performing dry run...
[0;32m[SUCCESS][0m Flake validation passed
[0;34m[2025-11-13 22:44:22][0m Performing dry run...
[0;32m[SUCCESS][0m Dry run completed successfully
[0;32m[SUCCESS][0m Rebuild script completed successfully
[0;34m[2025-11-13 22:45:01][0m Script finished
[0;32m[SUCCESS][0m Dry run completed successfully
[0;32m[SUCCESS][0m Rebuild script completed successfully
[0;34m[2025-11-13 22:45:07][0m Script finished
[0;34m[2025-11-13 22:45:13][0m Starting NixOS rebuild script
[0;34m[2025-11-13 22:45:13][0m Host: macbook
[0;34m[2025-11-13 22:45:13][0m Flake directory: /home/matrix/nixconf
[0;34m[2025-11-13 22:45:13][0m Action: generations
[0;34m[2025-11-13 22:45:13][0m Loading secrets from password-store...
[0;32m[SUCCESS][0m Loaded PASSWORD_HASH from password-store
[0;34m[2025-11-13 22:45:14][0m Checking git status...
[0;32m[SUCCESS][0m Git working directory is clean
[0;34m[2025-11-13 22:45:14][0m Current system generations:
[0;32m[SUCCESS][0m Rebuild script completed successfully
[0;34m[2025-11-13 22:45:16][0m Script finished
[0;34m[2025-11-13 22:45:20][0m Starting NixOS rebuild script
[0;34m[2025-11-13 22:45:20][0m Host: macbook
[0;34m[2025-11-13 22:45:20][0m Flake directory: /home/matrix/nixconf
[0;34m[2025-11-13 22:45:20][0m Action: generations
[0;34m[2025-11-13 22:45:20][0m Loading secrets from password-store...
[0;32m[SUCCESS][0m Loaded PASSWORD_HASH from password-store
[0;34m[2025-11-13 22:45:21][0m Checking git status...
[0;32m[SUCCESS][0m Git working directory is clean
[0;34m[2025-11-13 22:45:21][0m Current system generations:
[2025-11-13 22:45:21] [ERROR] Script failed with exit code 1
[0;34m[2025-11-13 22:45:21][0m Script finished
[0;34m[2025-11-13 22:46:29][0m Starting NixOS rebuild script
[0;34m[2025-11-13 22:46:29][0m Host: macbook
[0;34m[2025-11-13 22:46:29][0m Flake directory: /home/matrix/nixconf
[0;34m[2025-11-13 22:46:29][0m Action: generations
[0;34m[2025-11-13 22:46:29][0m Loading secrets from password-store...
[0;32m[SUCCESS][0m Loaded PASSWORD_HASH from password-store
[0;34m[2025-11-13 22:46:29][0m Checking git status...
[0;32m[SUCCESS][0m Git working directory is clean
[0;34m[2025-11-13 22:46:29][0m Current system generations:
[2025-11-13 22:46:29] [ERROR] Script failed with exit code 1
[0;34m[2025-11-13 22:46:29][0m Script finished
[0;34m[2025-11-13 22:46:40][0m Starting NixOS rebuild script
[0;34m[2025-11-13 22:46:40][0m Host: macbook
[0;34m[2025-11-13 22:46:40][0m Flake directory: /home/matrix/nixconf
[0;34m[2025-11-13 22:46:40][0m Action: generations
[0;34m[2025-11-13 22:46:40][0m Loading secrets from password-store...
[0;32m[SUCCESS][0m Loaded PASSWORD_HASH from password-store
[0;34m[2025-11-13 22:46:40][0m Checking git status...
[0;32m[SUCCESS][0m Git working directory is clean
[0;34m[2025-11-13 22:46:40][0m Current system generations:
[2025-11-13 22:46:41] [ERROR] Script failed with exit code 1
[0;34m[2025-11-13 22:46:41][0m Script finished
[0;34m[2025-11-13 22:46:56][0m Starting NixOS rebuild script
[0;34m[2025-11-13 22:46:56][0m Host: macbook
[0;34m[2025-11-13 22:46:56][0m Flake directory: /home/matrix/nixconf
[0;34m[2025-11-13 22:46:56][0m Action: generations
[0;34m[2025-11-13 22:46:56][0m Loading secrets from password-store...
[0;32m[SUCCESS][0m Loaded PASSWORD_HASH from password-store
[0;34m[2025-11-13 22:46:56][0m Checking git status...
[0;32m[SUCCESS][0m Git working directory is clean
[0;34m[2025-11-13 22:46:56][0m Current system generations:
[0;32m[SUCCESS][0m Rebuild script completed successfully
[0;34m[2025-11-13 22:46:56][0m Script finished
[0;34m[2025-11-14 20:24:35][0m Starting NixOS rebuild script
[0;34m[2025-11-14 20:24:35][0m Host: macbook
[0;34m[2025-11-14 20:24:35][0m Flake directory: /home/matrix/nixconf
[0;34m[2025-11-14 20:24:35][0m Action: switch
[0;34m[2025-11-14 20:24:35][0m Loading secrets from password-store...
[0;32m[SUCCESS][0m Loaded PASSWORD_HASH from password-store
[0;34m[2025-11-14 20:24:38][0m Checking git status...
[1;33m[WARNING][0m There are uncommitted changes in the flake directory
[0;34m[2025-11-14 20:24:38][0m Creating git backup commit...
[0;34m[2025-11-14 20:24:38][0m Creating system backup...
[2025-11-14 20:24:47] [ERROR] Script failed with exit code 1
[0;34m[2025-11-14 20:24:47][0m Script finished
[0;34m[2025-11-14 20:27:38][0m Starting NixOS rebuild script
[0;34m[2025-11-14 20:27:38][0m Host: macbook
[0;34m[2025-11-14 20:27:38][0m Flake directory: /home/matrix/nixconf
[0;34m[2025-11-14 20:27:38][0m Action: switch
[0;34m[2025-11-14 20:27:38][0m Loading secrets from password-store...
[0;32m[SUCCESS][0m Loaded PASSWORD_HASH from password-store
[0;34m[2025-11-14 20:27:39][0m Checking git status...
[1;33m[WARNING][0m There are uncommitted changes in the flake directory
[0;34m[2025-11-14 20:27:39][0m Creating git backup commit...
[0;34m[2025-11-14 20:27:39][0m Creating system backup...
[0;32m[SUCCESS][0m System backup created
[0;34m[2025-11-14 20:28:27][0m Validating flake configuration...
[0;32m[SUCCESS][0m Flake validation passed
[0;34m[2025-11-14 20:28:57][0m Building system configuration...
[0;32m[SUCCESS][0m System built successfully
[0;34m[2025-11-14 20:29:31][0m Switching to new system configuration...
[0;32m[SUCCESS][0m System switched successfully
[0;32m[SUCCESS][0m Rebuild script completed successfully
[0;34m[2025-11-14 20:30:03][0m Script finished
[0;34m[2025-11-14 20:32:13][0m Starting NixOS rebuild script
[0;34m[2025-11-14 20:32:13][0m Host: macbook
[0;34m[2025-11-14 20:32:13][0m Flake directory: /home/matrix/nixconf
[0;34m[2025-11-14 20:32:13][0m Action: switch
[0;34m[2025-11-14 20:32:13][0m Loading secrets from password-store...
[0;32m[SUCCESS][0m Loaded PASSWORD_HASH from password-store
[0;34m[2025-11-14 20:32:14][0m Checking git status...
[1;33m[WARNING][0m There are uncommitted changes in the flake directory
[0;34m[2025-11-14 20:32:14][0m Creating git backup commit...
[0;34m[2025-11-14 20:32:14][0m Creating system backup...
[0;32m[SUCCESS][0m System backup created
[0;34m[2025-11-14 20:32:55][0m Validating flake configuration...
[0;32m[SUCCESS][0m Flake validation passed
[0;34m[2025-11-14 20:33:26][0m Building system configuration...
[0;32m[SUCCESS][0m System built successfully
[0;34m[2025-11-14 20:33:59][0m Switching to new system configuration...
[0;32m[SUCCESS][0m System switched successfully
[0;32m[SUCCESS][0m Rebuild script completed successfully
[0;34m[2025-11-14 20:34:31][0m Script finished
[0;34m[2025-11-14 20:34:44][0m Starting NixOS rebuild script
[0;34m[2025-11-14 20:34:44][0m Host: macbook
[0;34m[2025-11-14 20:34:44][0m Flake directory: /home/matrix/nixconf
[0;34m[2025-11-14 20:34:44][0m Action: validate
[0;34m[2025-11-14 20:34:44][0m Loading secrets from password-store...
[0;32m[SUCCESS][0m Loaded PASSWORD_HASH from password-store
[0;34m[2025-11-14 20:34:45][0m Checking git status...
[1;33m[WARNING][0m There are uncommitted changes in the flake directory
[0;34m[2025-11-14 20:34:45][0m Validating flake configuration...
[2025-11-14 20:34:57] [ERROR] Flake validation failed
[2025-11-14 20:34:57] [ERROR] Script failed with exit code 1
[0;34m[2025-11-14 20:34:57][0m Script finished
[0;34m[2025-11-14 23:27:27][0m Starting NixOS rebuild script
[0;34m[2025-11-14 23:27:27][0m Host: macbook
[0;34m[2025-11-14 23:27:27][0m Flake directory: /home/matrix/nixconf
[0;34m[2025-11-14 23:27:27][0m Action: switch
[0;34m[2025-11-14 23:27:27][0m Loading secrets from password-store...
[0;32m[SUCCESS][0m Loaded PASSWORD_HASH from password-store
[0;34m[2025-11-14 23:27:27][0m Checking git status...
[1;33m[WARNING][0m There are uncommitted changes in the flake directory
[0;34m[2025-11-14 23:27:27][0m Creating git backup commit...
[0;34m[2025-11-14 23:27:27][0m Creating system backup...
[0;32m[SUCCESS][0m System backup created
[0;34m[2025-11-14 23:28:07][0m Validating flake configuration...
[0;32m[SUCCESS][0m Flake validation passed
[0;34m[2025-11-14 23:28:46][0m Building system configuration...
[2025-11-14 23:29:13] [ERROR] System build failed
[2025-11-14 23:29:13] [ERROR] Script failed with exit code 1
[0;34m[2025-11-14 23:29:13][0m Script finished
[0;34m[2025-11-14 23:29:43][0m Starting NixOS rebuild script
[0;34m[2025-11-14 23:29:43][0m Host: macbook
[0;34m[2025-11-14 23:29:43][0m Flake directory: /home/matrix/nixconf
[0;34m[2025-11-14 23:29:43][0m Action: switch
[0;34m[2025-11-14 23:29:43][0m Loading secrets from password-store...
[0;32m[SUCCESS][0m Loaded PASSWORD_HASH from password-store
[0;34m[2025-11-14 23:29:43][0m Checking git status...
[1;33m[WARNING][0m There are uncommitted changes in the flake directory
[0;34m[2025-11-14 23:29:43][0m Creating git backup commit...
[0;34m[2025-11-14 23:29:43][0m Creating system backup...
[2025-11-14 23:30:17] [ERROR] Script failed with exit code 1
[0;34m[2025-11-14 23:30:17][0m Script finished
[0;34m[2025-11-14 23:32:37][0m Starting NixOS rebuild script
[0;34m[2025-11-14 23:32:37][0m Host: macbook
[0;34m[2025-11-14 23:32:37][0m Flake directory: /home/matrix/nixconf
[0;34m[2025-11-14 23:32:37][0m Action: switch
[0;34m[2025-11-14 23:32:37][0m Loading secrets from password-store...
[0;32m[SUCCESS][0m Loaded PASSWORD_HASH from password-store
[0;34m[2025-11-14 23:32:37][0m Checking git status...
[1;33m[WARNING][0m There are uncommitted changes in the flake directory
[0;34m[2025-11-14 23:32:37][0m Creating git backup commit...
[0;34m[2025-11-14 23:32:37][0m Creating system backup...
[0;32m[SUCCESS][0m System backup created
[0;34m[2025-11-14 23:33:18][0m Validating flake configuration...
[0;32m[SUCCESS][0m Flake validation passed
[0;34m[2025-11-14 23:33:46][0m Building system configuration...
[0;32m[SUCCESS][0m System built successfully
[0;34m[2025-11-14 23:34:24][0m Switching to new system configuration...
[0;32m[SUCCESS][0m System switched successfully
[0;32m[SUCCESS][0m Rebuild script completed successfully
[0;34m[2025-11-14 23:34:57][0m Script finished
[0;34m[2025-11-14 23:37:44][0m Starting NixOS rebuild script
[0;34m[2025-11-14 23:37:44][0m Host: macbook
[0;34m[2025-11-14 23:37:44][0m Flake directory: /home/matrix/nixconf
[0;34m[2025-11-14 23:37:44][0m Action: switch
[0;34m[2025-11-14 23:37:44][0m Loading secrets from password-store...
[0;32m[SUCCESS][0m Loaded PASSWORD_HASH from password-store
[0;34m[2025-11-14 23:37:44][0m Checking git status...
[1;33m[WARNING][0m There are uncommitted changes in the flake directory
[0;34m[2025-11-14 23:37:44][0m Creating git backup commit...
[0;34m[2025-11-14 23:37:44][0m Creating system backup...
[0;32m[SUCCESS][0m System backup created
[0;34m[2025-11-14 23:38:27][0m Validating flake configuration...
[0;32m[SUCCESS][0m Flake validation passed
[0;34m[2025-11-14 23:38:59][0m Building system configuration...
[0;32m[SUCCESS][0m System built successfully
[0;34m[2025-11-14 23:39:44][0m Switching to new system configuration...
[0;32m[SUCCESS][0m System switched successfully
[0;32m[SUCCESS][0m Rebuild script completed successfully
[0;34m[2025-11-14 23:40:24][0m Script finished
[0;34m[2025-11-14 23:44:40][0m Starting NixOS rebuild script
[0;34m[2025-11-14 23:44:40][0m Host: macbook
[0;34m[2025-11-14 23:44:40][0m Flake directory: /home/matrix/nixconf
[0;34m[2025-11-14 23:44:40][0m Action: switch
[0;34m[2025-11-14 23:44:40][0m Loading secrets from password-store...
[0;32m[SUCCESS][0m Loaded PASSWORD_HASH from password-store
[0;34m[2025-11-14 23:44:40][0m Checking git status...
[1;33m[WARNING][0m There are uncommitted changes in the flake directory
[0;34m[2025-11-14 23:44:40][0m Creating git backup commit...
[0;34m[2025-11-14 23:44:40][0m Creating system backup...
[0;32m[SUCCESS][0m System backup created
[0;34m[2025-11-14 23:45:17][0m Validating flake configuration...
[0;32m[SUCCESS][0m Flake validation passed
[0;34m[2025-11-14 23:45:45][0m Building system configuration...
[0;32m[SUCCESS][0m System built successfully
[0;34m[2025-11-14 23:46:18][0m Switching to new system configuration...
[2025-11-14 23:46:18] [ERROR] System switch failed
[2025-11-14 23:46:18] [ERROR] Script failed with exit code 1
[0;34m[2025-11-14 23:46:18][0m Script finished
[0;34m[2025-11-14 23:51:03][0m Starting NixOS rebuild script
[0;34m[2025-11-14 23:51:03][0m Host: macbook
[0;34m[2025-11-14 23:51:03][0m Flake directory: /home/matrix/nixconf
[0;34m[2025-11-14 23:51:03][0m Action: switch
[0;34m[2025-11-14 23:51:03][0m Loading secrets from password-store...
[0;32m[SUCCESS][0m Loaded PASSWORD_HASH from password-store
[0;34m[2025-11-14 23:51:03][0m Checking git status...
[1;33m[WARNING][0m There are uncommitted changes in the flake directory
[0;34m[2025-11-14 23:51:03][0m Creating git backup commit...
[0;34m[2025-11-14 23:51:03][0m Creating system backup...
[0;32m[SUCCESS][0m System backup created
[0;34m[2025-11-14 23:51:44][0m Validating flake configuration...
[0;32m[SUCCESS][0m Flake validation passed
[0;34m[2025-11-14 23:52:16][0m Building system configuration...
[0;32m[SUCCESS][0m System built successfully
[0;34m[2025-11-14 23:52:54][0m Switching to new system configuration...
[2025-11-14 23:52:54] [ERROR] System switch failed
[2025-11-14 23:52:54] [ERROR] Script failed with exit code 1
[0;34m[2025-11-14 23:52:54][0m Script finished
[0;34m[2025-11-14 23:55:50][0m Starting NixOS rebuild script
[0;34m[2025-11-14 23:55:50][0m Host: macbook
[0;34m[2025-11-14 23:55:50][0m Flake directory: /home/matrix/nixconf
[0;34m[2025-11-14 23:55:50][0m Action: switch
[0;34m[2025-11-14 23:55:50][0m Loading secrets from password-store...
[0;32m[SUCCESS][0m Loaded PASSWORD_HASH from password-store
[0;34m[2025-11-14 23:55:51][0m Checking git status...
[1;33m[WARNING][0m There are uncommitted changes in the flake directory
[0;34m[2025-11-14 23:55:51][0m Creating git backup commit...
